TN:
SF:src/admin-session.js
FN:12,getSessionToken
FN:19,isSessionValid
FN:36,saveSession
FN:48,clearSession
FN:62,adminLogin
FN:83,adminLogout
FNF:6
FNH:6
FNDA:5,getSessionToken
FNDA:4,isSessionValid
FNDA:3,saveSession
FNDA:6,clearSession
FNDA:4,adminLogin
FNDA:3,adminLogout
DA:6,1
DA:7,1
DA:13,5
DA:20,4
DA:21,4
DA:23,3
DA:24,4
DA:26,2
DA:27,2
DA:30,1
DA:37,3
DA:39,3
DA:42,3
DA:49,6
DA:50,6
DA:52,6
DA:53,6
DA:63,4
DA:67,4
DA:68,2
DA:71,2
DA:72,1
DA:73,1
DA:76,1
DA:84,3
DA:85,3
DA:86,2
DA:87,2
DA:94,3
LF:29
LH:29
BRDA:13,0,0,5
BRDA:13,0,1,2
BRDA:21,1,0,1
BRDA:21,1,1,3
BRDA:23,2,0,3
BRDA:23,2,1,1
BRDA:24,3,0,2
BRDA:24,3,1,2
BRDA:39,4,0,2
BRDA:39,4,1,1
BRDA:67,5,0,2
BRDA:67,5,1,2
BRDA:71,6,0,1
BRDA:71,6,1,1
BRDA:71,7,0,2
BRDA:71,7,1,1
BRDA:85,8,0,2
BRDA:85,8,1,1
BRF:18
BRH:18
end_of_record
TN:
SF:src/auth.js
FN:87,getCurrentUser
FN:101,setCurrentUser
FN:109,logout
FN:116,getRoleConfig
FN:121,sha256
FN:123,(anonymous_5)
FN:127,loginUser
FN:175,showLoginModal
FN:225,(anonymous_8)
FN:228,(anonymous_9)
FN:230,(anonymous_10)
FN:234,(anonymous_11)
FN:239,(anonymous_12)
FN:300,(anonymous_13)
FN:312,renderAuthBanner
FN:336,(anonymous_15)
FN:346,(anonymous_16)
FN:373,(anonymous_17)
FN:396,(anonymous_18)
FN:402,(anonymous_19)
FN:407,(anonymous_20)
FN:413,injectAuthStyles
FN:419,escapeForHTML
FN:426,initAuth
FNF:24
FNH:10
FNDA:6,getCurrentUser
FNDA:6,setCurrentUser
FNDA:4,logout
FNDA:7,getRoleConfig
FNDA:10,sha256
FNDA:320,(anonymous_5)
FNDA:4,loginUser
FNDA:0,showLoginModal
FNDA:0,(anonymous_8)
FNDA:0,(anonymous_9)
FNDA:0,(anonymous_10)
FNDA:0,(anonymous_11)
FNDA:0,(anonymous_12)
FNDA:0,(anonymous_13)
FNDA:1,renderAuthBanner
FNDA:0,(anonymous_15)
FNDA:0,(anonymous_16)
FNDA:0,(anonymous_17)
FNDA:0,(anonymous_18)
FNDA:0,(anonymous_19)
FNDA:0,(anonymous_20)
FNDA:1,injectAuthStyles
FNDA:0,escapeForHTML
FNDA:1,initAuth
DA:9,1
DA:10,1
DA:11,1
DA:14,1
DA:88,6
DA:89,6
DA:90,6
DA:91,1
DA:92,1
DA:94,5
DA:95,5
DA:97,1
DA:102,6
DA:103,6
DA:104,6
DA:105,3
DA:110,4
DA:111,4
DA:112,4
DA:113,4
DA:117,7
DA:122,10
DA:123,320
DA:128,4
DA:129,4
DA:132,4
DA:136,3
DA:137,1
DA:138,1
DA:142,2
DA:146,2
DA:148,1
DA:159,1
DA:160,1
DA:163,1
DA:165,1
DA:166,1
DA:177,0
DA:178,0
DA:180,0
DA:181,0
DA:182,0
DA:183,0
DA:222,0
DA:225,0
DA:228,0
DA:229,0
DA:230,0
DA:233,0
DA:234,0
DA:235,0
DA:239,0
DA:240,0
DA:241,0
DA:242,0
DA:243,0
DA:244,0
DA:246,0
DA:247,0
DA:248,0
DA:250,0
DA:252,0
DA:253,0
DA:254,0
DA:255,0
DA:256,0
DA:260,0
DA:261,0
DA:262,0
DA:263,0
DA:264,0
DA:266,0
DA:267,0
DA:268,0
DA:269,0
DA:271,0
DA:272,0
DA:274,0
DA:278,0
DA:279,0
DA:280,0
DA:284,0
DA:285,0
DA:286,0
DA:287,0
DA:288,0
DA:289,0
DA:291,0
DA:294,0
DA:300,0
DA:301,0
DA:303,0
DA:307,0
DA:313,1
DA:316,1
DA:317,1
DA:320,0
DA:321,0
DA:324,0
DA:326,0
DA:328,0
DA:329,0
DA:330,0
DA:331,0
DA:332,0
DA:333,0
DA:334,0
DA:335,0
DA:336,0
DA:337,0
DA:338,0
DA:340,0
DA:341,0
DA:343,0
DA:344,0
DA:345,0
DA:346,0
DA:347,0
DA:348,0
DA:350,0
DA:352,0
DA:356,0
DA:357,0
DA:358,1
DA:359,1
DA:360,1
DA:373,0
DA:386,1
DA:387,0
DA:389,0
DA:393,0
DA:394,0
DA:396,0
DA:397,0
DA:398,0
DA:402,1
DA:403,0
DA:407,1
DA:408,0
DA:420,0
DA:421,0
DA:427,1
DA:428,1
DA:432,1
DA:433,0
DA:435,1
LF:146
LH:50
BRDA:90,0,0,1
BRDA:90,0,1,5
BRDA:90,1,0,6
BRDA:90,1,1,3
BRDA:95,2,0,3
BRDA:95,2,1,2
BRDA:104,3,0,3
BRDA:104,3,1,3
BRDA:109,4,0,4
BRDA:113,5,0,2
BRDA:113,5,1,2
BRDA:117,6,0,7
BRDA:117,6,1,2
BRDA:136,7,0,1
BRDA:136,7,1,2
BRDA:136,8,0,3
BRDA:136,8,1,3
BRDA:146,9,0,1
BRDA:146,9,1,1
BRDA:146,10,0,2
BRDA:146,10,1,2
BRDA:150,11,0,1
BRDA:150,11,1,0
BRDA:154,12,0,1
BRDA:154,12,1,0
BRDA:156,13,0,1
BRDA:156,13,1,1
BRDA:163,14,0,1
BRDA:163,14,1,0
BRDA:178,15,0,0
BRDA:178,15,1,0
BRDA:235,16,0,0
BRDA:235,16,1,0
BRDA:252,17,0,0
BRDA:252,17,1,0
BRDA:253,18,0,0
BRDA:253,18,1,0
BRDA:267,19,0,0
BRDA:267,19,1,0
BRDA:271,20,0,0
BRDA:271,20,1,0
BRDA:273,21,0,0
BRDA:273,21,1,0
BRDA:275,22,0,0
BRDA:275,22,1,0
BRDA:279,23,0,0
BRDA:279,23,1,0
BRDA:286,24,0,0
BRDA:286,24,1,0
BRDA:287,25,0,0
BRDA:287,25,1,0
BRDA:288,26,0,0
BRDA:288,26,1,0
BRDA:289,27,0,0
BRDA:289,27,1,0
BRDA:289,28,0,0
BRDA:289,28,1,0
BRDA:291,29,0,0
BRDA:291,29,1,0
BRDA:291,29,2,0
BRDA:291,29,3,0
BRDA:295,30,0,0
BRDA:295,30,1,0
BRDA:295,31,0,0
BRDA:295,31,1,0
BRDA:317,32,0,1
BRDA:317,32,1,0
BRDA:321,33,0,0
BRDA:321,33,1,0
BRDA:326,34,0,0
BRDA:326,34,1,0
BRDA:328,35,0,0
BRDA:328,35,1,0
BRDA:331,36,0,0
BRDA:331,36,1,0
BRDA:357,37,0,0
BRDA:357,37,1,0
BRDA:362,38,0,1
BRDA:362,38,1,0
BRDA:362,38,2,0
BRDA:363,39,0,1
BRDA:363,39,1,0
BRDA:364,40,0,0
BRDA:364,40,1,0
BRDA:369,41,0,1
BRDA:369,41,1,0
BRDA:370,42,0,1
BRDA:370,42,1,0
BRDA:370,43,0,1
BRDA:370,43,1,0
BRDA:374,44,0,0
BRDA:374,44,1,0
BRDA:386,45,0,0
BRDA:386,45,1,0
BRDA:420,46,0,0
BRDA:420,46,1,0
BRDA:432,47,0,0
BRDA:432,47,1,1
BRF:98
BRH:33
end_of_record
TN:
SF:src/ctv.js
FN:10,getStoredRef
FN:11,setStoredRef
FN:14,initRefTracking
FN:26,(anonymous_3)
FN:49,saveRefCookie
FN:55,getAutoRef
FN:71,validateCtvCode
FN:85,(anonymous_7)
FN:102,registerCTV
FN:107,(anonymous_9)
FN:110,(anonymous_10)
FN:132,getCTVDashboard
FN:135,(anonymous_12)
FN:149,getShareURL
FN:159,copyShareLink
FN:177,initShareButtons
FN:182,(anonymous_16)
FN:186,(anonymous_17)
FN:191,(anonymous_18)
FN:206,(anonymous_19)
FN:211,(anonymous_20)
FN:223,renderCTVDashboard
FN:264,(anonymous_22)
FN:269,(anonymous_23)
FN:274,handleCTVRegister
FN:277,(anonymous_25)
FN:298,initCTVSystem
FNF:27
FNH:14
FNDA:6,getStoredRef
FNDA:6,setStoredRef
FNDA:1,initRefTracking
FNDA:0,(anonymous_3)
FNDA:0,saveRefCookie
FNDA:25,getAutoRef
FNDA:15,validateCtvCode
FNDA:14,(anonymous_7)
FNDA:7,registerCTV
FNDA:224,(anonymous_9)
FNDA:7,(anonymous_10)
FNDA:6,getCTVDashboard
FNDA:6,(anonymous_12)
FNDA:6,getShareURL
FNDA:0,copyShareLink
FNDA:0,initShareButtons
FNDA:0,(anonymous_16)
FNDA:0,(anonymous_17)
FNDA:0,(anonymous_18)
FNDA:0,(anonymous_19)
FNDA:0,(anonymous_20)
FNDA:0,renderCTVDashboard
FNDA:0,(anonymous_22)
FNDA:0,(anonymous_23)
FNDA:2,handleCTVRegister
FNDA:2,(anonymous_25)
FNDA:0,initCTVSystem
DA:9,3
DA:10,6
DA:11,6
DA:15,1
DA:16,1
DA:17,1
DA:20,0
DA:23,0
DA:24,1
DA:26,1
DA:27,0
DA:28,0
DA:36,0
DA:37,0
DA:40,0
DA:46,3
DA:47,3
DA:50,0
DA:51,0
DA:56,25
DA:57,25
DA:58,25
DA:59,7
DA:60,7
DA:61,2
DA:62,2
DA:64,4
DA:66,1
DA:72,15
DA:74,9
DA:76,9
DA:82,8
DA:85,14
DA:86,7
DA:87,7
DA:89,7
DA:90,5
DA:91,5
DA:94,2
DA:96,1
DA:97,1
DA:103,7
DA:105,7
DA:106,7
DA:107,224
DA:109,7
DA:110,7
DA:119,7
DA:120,5
DA:121,4
DA:122,4
DA:124,1
DA:126,2
DA:127,2
DA:133,6
DA:134,6
DA:135,6
DA:140,6
DA:141,4
DA:143,2
DA:144,2
DA:150,6
DA:151,6
DA:152,4
DA:153,4
DA:154,4
DA:155,4
DA:160,0
DA:161,0
DA:162,0
DA:163,0
DA:166,0
DA:167,0
DA:168,0
DA:169,0
DA:170,0
DA:171,0
DA:172,0
DA:178,0
DA:179,0
DA:182,0
DA:183,0
DA:184,0
DA:185,0
DA:186,0
DA:187,0
DA:188,0
DA:189,0
DA:190,0
DA:191,0
DA:192,0
DA:193,0
DA:197,0
DA:201,0
DA:202,0
DA:203,0
DA:204,0
DA:205,0
DA:206,0
DA:207,0
DA:208,0
DA:209,0
DA:210,0
DA:211,0
DA:212,0
DA:213,0
DA:217,0
DA:218,0
DA:224,0
DA:225,0
DA:227,0
DA:228,0
DA:264,0
DA:265,0
DA:266,0
DA:267,0
DA:268,0
DA:269,0
DA:275,2
DA:276,2
DA:277,2
DA:286,2
DA:287,2
DA:288,2
DA:290,2
DA:292,0
DA:293,0
DA:300,0
DA:303,0
DA:304,0
DA:305,0
DA:306,0
DA:307,0
DA:308,0
LF:134
LH:65
BRDA:17,0,0,1
BRDA:17,0,1,0
BRDA:23,1,0,0
BRDA:23,1,1,0
BRDA:24,2,0,1
BRDA:24,2,1,0
BRDA:36,3,0,0
BRDA:36,3,1,0
BRDA:58,4,0,18
BRDA:58,4,1,7
BRDA:60,5,0,2
BRDA:60,5,1,5
BRDA:72,6,0,6
BRDA:72,6,1,9
BRDA:72,7,0,15
BRDA:72,7,1,10
BRDA:82,8,0,1
BRDA:82,8,1,7
BRDA:82,9,0,8
BRDA:82,9,1,7
BRDA:89,10,0,5
BRDA:89,10,1,2
BRDA:113,11,0,7
BRDA:113,11,1,5
BRDA:119,12,0,2
BRDA:119,12,1,5
BRDA:120,13,0,4
BRDA:120,13,1,1
BRDA:140,14,0,2
BRDA:140,14,1,4
BRDA:151,15,0,2
BRDA:151,15,1,4
BRDA:154,16,0,3
BRDA:154,16,1,1
BRDA:179,17,0,0
BRDA:179,17,1,0
BRDA:188,18,0,0
BRDA:188,18,1,0
BRDA:202,19,0,0
BRDA:202,19,1,0
BRDA:208,20,0,0
BRDA:208,20,1,0
BRDA:218,21,0,0
BRDA:218,21,1,0
BRDA:225,22,0,0
BRDA:225,22,1,0
BRDA:225,23,0,0
BRDA:225,23,1,0
BRDA:232,24,0,0
BRDA:232,24,1,0
BRDA:236,25,0,0
BRDA:236,25,1,0
BRDA:240,26,0,0
BRDA:240,26,1,0
BRDA:244,27,0,0
BRDA:244,27,1,0
BRDA:248,28,0,0
BRDA:248,28,1,0
BRDA:258,29,0,0
BRDA:258,29,1,0
BRDA:280,30,0,2
BRDA:280,30,1,1
BRDA:282,31,0,2
BRDA:282,31,1,1
BRDA:286,32,0,0
BRDA:286,32,1,2
BRDA:287,33,0,2
BRDA:287,33,1,0
BRDA:304,34,0,0
BRDA:304,34,1,0
BRDA:306,35,0,0
BRDA:306,35,1,0
BRF:72
BRH:34
end_of_record
TN:
SF:src/modules/order-form.js
FN:18,calcOrderTotals
FN:29,initQuantitySelector
FN:40,updateQty
FN:49,(anonymous_3)
FN:50,(anonymous_4)
FN:53,initOrderForm
FN:66,(anonymous_6)
FN:67,(anonymous_7)
FN:68,(anonymous_8)
FN:74,updateSummary
FN:106,(anonymous_10)
FN:148,(anonymous_11)
FN:196,(anonymous_12)
FN:209,showPaymentModal
FN:231,initPaymentModal
FN:236,closeModal
FN:242,(anonymous_16)
FN:246,(anonymous_17)
FN:247,(anonymous_18)
FN:261,(anonymous_19)
FN:273,initCtvForm
FN:277,(anonymous_21)
FN:317,(anonymous_22)
FNF:23
FNH:11
FNDA:20,calcOrderTotals
FNDA:5,initQuantitySelector
FNDA:10,updateQty
FNDA:4,(anonymous_3)
FNDA:6,(anonymous_4)
FNDA:9,initOrderForm
FNDA:18,(anonymous_6)
FNDA:0,(anonymous_7)
FNDA:0,(anonymous_8)
FNDA:16,updateSummary
FNDA:9,(anonymous_10)
FNDA:4,(anonymous_11)
FNDA:8,(anonymous_12)
FNDA:0,showPaymentModal
FNDA:0,initPaymentModal
FNDA:0,closeModal
FNDA:0,(anonymous_16)
FNDA:0,(anonymous_17)
FNDA:0,(anonymous_18)
FNDA:0,(anonymous_19)
FNDA:0,initCtvForm
FNDA:0,(anonymous_21)
FNDA:0,(anonymous_22)
DA:10,1
DA:11,1
DA:19,20
DA:20,20
DA:21,20
DA:22,20
DA:23,20
DA:24,20
DA:25,20
DA:26,20
DA:30,5
DA:31,5
DA:32,5
DA:33,5
DA:35,5
DA:37,4
DA:38,4
DA:41,10
DA:42,10
DA:43,10
DA:44,10
DA:45,10
DA:46,10
DA:49,5
DA:50,6
DA:54,9
DA:55,9
DA:56,9
DA:57,9
DA:58,9
DA:59,9
DA:60,9
DA:61,9
DA:63,9
DA:65,9
DA:66,9
DA:67,18
DA:68,0
DA:69,0
DA:70,0
DA:75,16
DA:76,16
DA:77,16
DA:78,16
DA:79,16
DA:80,13
DA:81,16
DA:82,3
DA:83,3
DA:85,13
DA:87,16
DA:88,16
DA:91,9
DA:92,9
DA:94,9
DA:95,9
DA:96,0
DA:97,0
DA:98,0
DA:99,0
DA:100,0
DA:101,0
DA:102,0
DA:106,9
DA:107,9
DA:109,9
DA:110,9
DA:111,1
DA:112,1
DA:114,8
DA:116,8
DA:117,8
DA:118,8
DA:119,9
DA:120,9
DA:121,9
DA:122,9
DA:123,9
DA:124,9
DA:126,9
DA:127,3
DA:128,3
DA:131,5
DA:132,5
DA:133,1
DA:134,1
DA:137,4
DA:139,4
DA:140,4
DA:141,4
DA:142,4
DA:144,4
DA:145,4
DA:147,4
DA:148,4
DA:167,4
DA:169,4
DA:170,4
DA:173,4
DA:174,0
DA:175,0
DA:181,4
DA:189,4
DA:192,4
DA:193,4
DA:194,4
DA:195,4
DA:196,8
DA:197,4
DA:199,4
DA:201,0
DA:203,4
DA:204,4
DA:210,0
DA:211,0
DA:213,0
DA:214,0
DA:215,0
DA:216,0
DA:218,0
DA:220,0
DA:221,0
DA:222,0
DA:224,0
DA:225,0
DA:227,0
DA:228,0
DA:232,0
DA:233,0
DA:234,0
DA:237,0
DA:238,0
DA:241,0
DA:242,0
DA:243,0
DA:246,0
DA:247,0
DA:248,0
DA:249,0
DA:250,0
DA:251,0
DA:252,0
DA:253,0
DA:255,0
DA:256,0
DA:257,0
DA:258,0
DA:259,0
DA:260,0
DA:261,0
DA:262,0
DA:263,0
DA:264,0
DA:267,0
DA:274,0
DA:275,0
DA:277,0
DA:278,0
DA:280,0
DA:281,0
DA:282,0
DA:283,0
DA:285,0
DA:287,0
DA:288,0
DA:289,0
DA:291,0
DA:292,0
DA:293,0
DA:296,0
DA:297,0
DA:298,0
DA:299,0
DA:307,0
DA:316,0
DA:317,0
DA:319,0
LF:177
LH:100
BRDA:19,0,0,20
BRDA:19,0,1,0
BRDA:20,1,0,20
BRDA:20,1,1,17
BRDA:23,2,0,20
BRDA:23,2,1,0
BRDA:24,3,0,3
BRDA:24,3,1,17
BRDA:35,4,0,1
BRDA:35,4,1,4
BRDA:35,5,0,5
BRDA:35,5,1,4
BRDA:35,5,2,4
BRDA:38,6,0,4
BRDA:38,6,1,0
BRDA:38,6,2,0
BRDA:43,7,0,10
BRDA:43,7,1,7
BRDA:63,8,0,0
BRDA:63,8,1,9
BRDA:78,9,0,3
BRDA:78,9,1,13
BRDA:79,10,0,3
BRDA:79,10,1,13
BRDA:79,11,0,16
BRDA:79,11,1,3
BRDA:80,12,0,13
BRDA:80,12,1,0
BRDA:81,13,0,3
BRDA:81,13,1,13
BRDA:87,14,0,3
BRDA:87,14,1,13
BRDA:95,15,0,0
BRDA:95,15,1,9
BRDA:99,16,0,0
BRDA:99,16,1,0
BRDA:99,17,0,0
BRDA:99,17,1,0
BRDA:99,17,2,0
BRDA:110,18,0,1
BRDA:110,18,1,8
BRDA:118,19,0,8
BRDA:118,19,1,8
BRDA:121,20,0,9
BRDA:121,20,1,8
BRDA:122,21,0,9
BRDA:122,21,1,8
BRDA:123,22,0,9
BRDA:123,22,1,8
BRDA:124,23,0,9
BRDA:124,23,1,0
BRDA:126,24,0,3
BRDA:126,24,1,6
BRDA:126,25,0,9
BRDA:126,25,1,5
BRDA:126,25,2,5
BRDA:132,26,0,1
BRDA:132,26,1,4
BRDA:162,27,0,4
BRDA:162,27,1,0
BRDA:167,28,0,0
BRDA:167,28,1,4
BRDA:173,29,0,0
BRDA:173,29,1,4
BRDA:174,30,0,0
BRDA:174,30,1,0
BRDA:176,31,0,0
BRDA:176,31,1,0
BRDA:182,32,0,4
BRDA:182,32,1,0
BRDA:194,33,0,4
BRDA:194,33,1,0
BRDA:211,34,0,0
BRDA:211,34,1,0
BRDA:220,35,0,0
BRDA:220,35,1,0
BRDA:221,36,0,0
BRDA:221,36,1,0
BRDA:222,37,0,0
BRDA:222,37,1,0
BRDA:225,38,0,0
BRDA:225,38,1,0
BRDA:234,39,0,0
BRDA:234,39,1,0
BRDA:241,40,0,0
BRDA:241,40,1,0
BRDA:243,41,0,0
BRDA:243,41,1,0
BRDA:250,42,0,0
BRDA:250,42,1,0
BRDA:251,43,0,0
BRDA:251,43,1,0
BRDA:252,44,0,0
BRDA:252,44,1,0
BRDA:253,45,0,0
BRDA:253,45,1,0
BRDA:275,46,0,0
BRDA:275,46,1,0
BRDA:281,47,0,0
BRDA:281,47,1,0
BRDA:291,48,0,0
BRDA:291,48,1,0
BRDA:291,49,0,0
BRDA:291,49,1,0
BRDA:297,50,0,0
BRDA:297,50,1,0
BRDA:298,51,0,0
BRDA:298,51,1,0
BRF:108
BRH:50
end_of_record
TN:
SF:src/utils/api.js
FN:10,isRetryableError
FN:41,getBackoffMs
FN:48,delay
FN:49,(anonymous_3)
FN:62,apiCall
FN:103,getVietnameseErrorMessage
FN:149,handleApiError
FN:170,fireAndForget
FN:174,(anonymous_8)
FN:190,initNetworkStatus
FN:191,(anonymous_10)
FN:194,(anonymous_11)
FN:202,(anonymous_12)
FNF:13
FNH:13
FNDA:26,isRetryableError
FNDA:12,getBackoffMs
FNDA:7,delay
FNDA:7,(anonymous_3)
FNDA:28,apiCall
FNDA:13,getVietnameseErrorMessage
FNDA:5,handleApiError
FNDA:6,fireAndForget
FNDA:1,(anonymous_8)
FNDA:4,initNetworkStatus
FNDA:2,(anonymous_10)
FNDA:2,(anonymous_11)
FNDA:4,(anonymous_12)
DA:11,26
DA:13,24
DA:16,26
DA:17,9
DA:19,15
DA:20,2
DA:24,13
DA:25,26
DA:26,26
DA:27,2
DA:31,11
DA:32,2
DA:35,9
DA:42,12
DA:49,7
DA:63,28
DA:65,28
DA:66,35
DA:67,35
DA:70,27
DA:71,8
DA:72,2
DA:73,2
DA:74,2
DA:75,2
DA:78,6
DA:81,19
DA:83,8
DA:85,8
DA:86,5
DA:87,5
DA:88,5
DA:92,3
DA:97,0
DA:104,13
DA:106,12
DA:109,13
DA:110,2
DA:114,10
DA:115,2
DA:119,8
DA:120,1
DA:124,7
DA:125,1
DA:129,6
DA:130,1
DA:134,5
DA:135,1
DA:139,4
DA:150,5
DA:153,5
DA:156,5
DA:157,2
DA:160,5
DA:171,6
DA:172,6
DA:173,6
DA:174,3
DA:175,1
DA:179,1
DA:191,4
DA:192,2
DA:194,4
DA:195,2
DA:198,4
DA:199,4
DA:202,4
DA:203,4
DA:204,4
LF:69
LH:68
BRDA:11,0,0,2
BRDA:11,0,1,24
BRDA:13,1,0,24
BRDA:13,1,1,1
BRDA:16,2,0,9
BRDA:16,2,1,17
BRDA:16,3,0,26
BRDA:16,3,1,16
BRDA:16,3,2,15
BRDA:19,4,0,2
BRDA:19,4,1,13
BRDA:19,5,0,15
BRDA:19,5,1,14
BRDA:19,5,2,13
BRDA:24,6,0,13
BRDA:24,6,1,10
BRDA:24,6,2,10
BRDA:26,7,0,2
BRDA:26,7,1,24
BRDA:26,8,0,26
BRDA:26,8,1,11
BRDA:31,9,0,2
BRDA:31,9,1,9
BRDA:31,10,0,11
BRDA:31,10,1,11
BRDA:31,10,2,10
BRDA:62,11,0,28
BRDA:62,12,0,28
BRDA:62,13,0,28
BRDA:62,14,0,28
BRDA:70,15,0,8
BRDA:70,15,1,19
BRDA:70,16,0,27
BRDA:70,16,1,27
BRDA:71,17,0,2
BRDA:71,17,1,6
BRDA:71,18,0,8
BRDA:71,18,1,7
BRDA:73,19,0,0
BRDA:73,19,1,2
BRDA:85,20,0,5
BRDA:85,20,1,3
BRDA:85,21,0,8
BRDA:85,21,1,6
BRDA:86,22,0,2
BRDA:86,22,1,3
BRDA:104,23,0,1
BRDA:104,23,1,12
BRDA:106,24,0,12
BRDA:106,24,1,0
BRDA:109,25,0,2
BRDA:109,25,1,11
BRDA:109,26,0,13
BRDA:109,26,1,10
BRDA:109,26,2,10
BRDA:114,27,0,2
BRDA:114,27,1,8
BRDA:119,28,0,1
BRDA:119,28,1,7
BRDA:119,29,0,8
BRDA:119,29,1,8
BRDA:119,29,2,7
BRDA:124,30,0,1
BRDA:124,30,1,6
BRDA:124,31,0,7
BRDA:124,31,1,6
BRDA:124,31,2,6
BRDA:129,32,0,1
BRDA:129,32,1,5
BRDA:129,33,0,6
BRDA:129,33,1,6
BRDA:129,33,2,5
BRDA:134,34,0,1
BRDA:134,34,1,4
BRDA:134,35,0,5
BRDA:134,35,1,5
BRDA:134,35,2,4
BRDA:156,36,0,2
BRDA:156,36,1,3
BRDA:170,37,0,6
BRDA:173,38,0,3
BRDA:173,38,1,3
BRDA:173,39,0,6
BRDA:173,39,1,5
BRDA:175,40,0,1
BRDA:175,40,1,0
BRDA:179,41,0,1
BRDA:179,41,1,0
BRDA:192,42,0,1
BRDA:192,42,1,1
BRDA:195,43,0,1
BRDA:195,43,1,1
BRF:92
BRH:88
end_of_record
TN:
SF:src/utils/ngu-hanh.js
FN:122,analyzeNguHanh
FN:161,getAllElements
FN:162,(anonymous_2)
FN:178,generateGreeting
FN:200,getHealthMap
FNF:5
FNH:5
FNDA:35,analyzeNguHanh
FNDA:3,getAllElements
FNDA:15,(anonymous_2)
FNDA:8,generateGreeting
FNDA:7,getHealthMap
DA:6,1
DA:19,1
DA:34,1
DA:123,35
DA:124,35
DA:126,24
DA:127,24
DA:128,24
DA:130,35
DA:131,35
DA:133,35
DA:162,15
DA:179,8
DA:180,8
DA:182,7
DA:190,7
DA:201,7
DA:202,7
DA:204,5
LF:19
LH:19
BRDA:124,0,0,11
BRDA:124,0,1,24
BRDA:124,1,0,35
BRDA:124,1,1,28
BRDA:124,1,2,26
BRDA:128,2,0,0
BRDA:128,2,1,24
BRDA:180,3,0,1
BRDA:180,3,1,7
BRDA:202,4,0,2
BRDA:202,4,1,5
BRF:11
BRH:10
end_of_record
TN:
SF:src/utils/ratelimit.js
FN:15,checkRateLimit
FN:44,recordAttempt
FN:67,createSubmitGuard
FN:70,(anonymous_3)
FNF:4
FNH:4
FNDA:16,checkRateLimit
FNDA:19,recordAttempt
FNDA:3,createSubmitGuard
FNDA:5,(anonymous_3)
DA:6,2
DA:16,16
DA:17,16
DA:20,16
DA:21,16
DA:22,1
DA:24,16
DA:26,10
DA:29,16
DA:31,16
DA:32,3
DA:35,13
DA:45,19
DA:46,19
DA:49,19
DA:50,19
DA:51,0
DA:53,19
DA:54,10
DA:57,19
DA:58,19
DA:68,3
DA:70,3
DA:71,5
DA:72,5
DA:74,5
DA:75,1
DA:78,4
DA:79,4
LF:29
LH:28
BRDA:24,0,0,10
BRDA:24,0,1,6
BRDA:24,1,0,16
BRDA:24,1,1,7
BRDA:31,2,0,3
BRDA:31,2,1,13
BRDA:53,3,0,10
BRDA:53,3,1,9
BRDA:53,4,0,19
BRDA:53,4,1,9
BRDA:67,5,0,3
BRDA:74,6,0,1
BRDA:74,6,1,4
BRF:13
BRH:13
end_of_record
TN:
SF:src/utils/sanitize.js
FN:5,escapeHTML
FN:21,escapeCSS
FNF:2
FNH:2
FNDA:19,escapeHTML
FNDA:10,escapeCSS
DA:6,19
DA:7,17
DA:22,10
DA:23,8
DA:25,8
DA:26,5
DA:28,3
LF:7
LH:7
BRDA:6,0,0,2
BRDA:6,0,1,17
BRDA:22,1,0,2
BRDA:22,1,1,8
BRDA:25,2,0,5
BRDA:25,2,1,3
BRF:6
BRH:6
end_of_record
TN:
SF:src/utils/tracker.js
FN:9,getDevice
FN:16,getUTM
FN:22,trackPageView
FN:40,(anonymous_3)
FNF:4
FNH:4
FNDA:2,getDevice
FNDA:6,getUTM
FNDA:3,trackPageView
FNDA:2,(anonymous_3)
DA:10,2
DA:11,2
DA:12,0
DA:13,0
DA:17,6
DA:18,6
DA:19,0
DA:24,3
DA:27,3
DA:28,3
DA:29,2
DA:31,2
DA:40,3
DA:44,1
LF:14
LH:11
BRDA:11,0,0,2
BRDA:11,0,1,0
BRDA:12,1,0,0
BRDA:12,1,1,0
BRDA:18,2,0,6
BRDA:18,2,1,6
BRDA:24,3,0,0
BRDA:24,3,1,3
BRDA:28,4,0,1
BRDA:28,4,1,2
BRDA:32,5,0,2
BRDA:32,5,1,0
BRDA:33,6,0,0
BRDA:33,6,1,2
BRDA:34,7,0,3
BRDA:34,7,1,2
BRDA:34,7,2,2
BRDA:35,8,0,3
BRDA:35,8,1,2
BRF:19
BRH:13
end_of_record
